<?xml version="1.0" encoding="UTF-8"?>
<testsuite name="GaletteTest" tests="4" skipped="0" failures="0" errors="0" timestamp="2023-03-20T21:02:08" hostname="ASLAN" time="0.004">
  <properties/>
  <testcase name="TestCreationGalette()" classname="GaletteTest" time="0.001"/>
  <testcase name="TestGetPoids()" classname="GaletteTest" time="0.0"/>
  <testcase name="TestGetListePartDeGalette()" classname="GaletteTest" time="0.001"/>
  <testcase name="TestGetPoidsPart()" classname="GaletteTest" time="0.001"/>
  <system-out><![CDATA[]]></system-out>
  <system-err><![CDATA[]]></system-err>
</testsuite>
