<?xml version="1.0" encoding="UTF-8"?>
<testsuite name="ConcoursTest" tests="5" skipped="0" failures="0" errors="0" timestamp="2023-03-20T20:47:26" hostname="ASLAN" time="0.02">
  <properties/>
  <testcase name="TestEnleverLesPerdants()" classname="ConcoursTest" time="0.01"/>
  <testcase name="TestADDMangeur()" classname="ConcoursTest" time="0.001"/>
  <testcase name="testConcourir()" classname="ConcoursTest" time="0.002"/>
  <testcase name="TestNettoyerTable()" classname="ConcoursTest" time="0.002"/>
  <testcase name="TestADDGalette()" classname="ConcoursTest" time="0.001"/>
  <system-out><![CDATA[]]></system-out>
  <system-err><![CDATA[]]></system-err>
</testsuite>
