<?xml version="1.0" encoding="UTF-8"?>
<testsuite name="MangeurDeGalettesTest" tests="2" skipped="0" failures="0" errors="0" timestamp="2023-03-20T20:58:22" hostname="ASLAN" time="0.001">
  <properties/>
  <testcase name="testRechercherPart()" classname="MangeurDeGalettesTest" time="0.001"/>
  <testcase name="testMangerPart()" classname="MangeurDeGalettesTest" time="0.0"/>
  <system-out><![CDATA[]]></system-out>
  <system-err><![CDATA[]]></system-err>
</testsuite>
