<?xml version="1.0" encoding="UTF-8"?>
<testsuite name="MangeurDeGalettesTest" tests="2" skipped="0" failures="0" errors="0" timestamp="2023-03-20T21:11:47" hostname="LAPTOP-J9BN5RTL" time="0.002">
  <properties/>
  <testcase name="testRechercherPart()" classname="MangeurDeGalettesTest" time="0.001"/>
  <testcase name="testMangerPart()" classname="MangeurDeGalettesTest" time="0.0"/>
  <system-out><![CDATA[]]></system-out>
  <system-err><![CDATA[]]></system-err>
</testsuite>
