<?xml version="1.0" encoding="UTF-8"?>
<testsuite name="StrategieTest" tests="4" skipped="0" failures="0" errors="0" timestamp="2023-03-20T21:11:47" hostname="LAPTOP-J9BN5RTL" time="0.006">
  <properties/>
  <testcase name="testChoisirPartGalettesVege()" classname="StrategieTest" time="0.002"/>
  <testcase name="testChoisirPartGalettesPistache()" classname="StrategieTest" time="0.001"/>
  <testcase name="testChoisirPartGalettesFrangipane()" classname="StrategieTest" time="0.0"/>
  <testcase name="TestPartNull()" classname="StrategieTest" time="0.001"/>
  <system-out><![CDATA[]]></system-out>
  <system-err><![CDATA[]]></system-err>
</testsuite>
