<?xml version="1.0" encoding="UTF-8"?>
<testsuite name="ConcoursTest" tests="5" skipped="0" failures="0" errors="0" timestamp="2023-03-20T21:11:47" hostname="LAPTOP-J9BN5RTL" time="0.021">
  <properties/>
  <testcase name="TestEnleverLesPerdants()" classname="ConcoursTest" time="0.015"/>
  <testcase name="TestADDMangeur()" classname="ConcoursTest" time="0.001"/>
  <testcase name="testConcourir()" classname="ConcoursTest" time="0.001"/>
  <testcase name="TestNettoyerTable()" classname="ConcoursTest" time="0.002"/>
  <testcase name="TestADDGalette()" classname="ConcoursTest" time="0.001"/>
  <system-out><![CDATA[]]></system-out>
  <system-err><![CDATA[]]></system-err>
</testsuite>
