<?xml version="1.0" encoding="UTF-8"?>
<testsuite name="MangeurDeGalettesTest" tests="1" skipped="0" failures="0" errors="0" timestamp="2023-03-20T14:26:35" hostname="LAPTOP-J9BN5RTL" time="0.014">
  <properties/>
  <testcase name="mangerPart()" classname="MangeurDeGalettesTest" time="0.014"/>
  <system-out><![CDATA[]]></system-out>
  <system-err><![CDATA[]]></system-err>
</testsuite>
