<?xml version="1.0" encoding="UTF-8"?>
<testsuite name="GaletteTest" tests="1" skipped="0" failures="0" errors="0" timestamp="2023-03-20T17:52:45" hostname="LAPTOP-J9BN5RTL" time="0.001">
  <properties/>
  <testcase name="testCreationGalette()" classname="GaletteTest" time="0.001"/>
  <system-out><![CDATA[]]></system-out>
  <system-err><![CDATA[]]></system-err>
</testsuite>
