<?xml version="1.0" encoding="UTF-8"?>
<testsuite name="SubjectTest" tests="3" skipped="0" failures="0" errors="0" timestamp="2023-03-20T21:11:47" hostname="LAPTOP-J9BN5RTL" time="0.915">
  <properties/>
  <testcase name="notifySpectateur()" classname="SubjectTest" time="0.906"/>
  <testcase name="addSpectateur()" classname="SubjectTest" time="0.002"/>
  <testcase name="removeSpectateur()" classname="SubjectTest" time="0.001"/>
  <system-out><![CDATA[]]></system-out>
  <system-err><![CDATA[]]></system-err>
</testsuite>
